<?xml version="1.0" encoding="UTF-8"?>
<!-- Generated by org.testng.reporters.JUnitReportReporter -->
<testsuite hostname="DESKTOP-PUM4KLM" failures="0" tests="5" name="com.aspire.qa.testcases.ManufacturingFeaturePageTest" time="98.085" errors="0" timestamp="2022-04-25T01:55:19 IST" skipped="0">
  <testcase classname="com.aspire.qa.testcases.ManufacturingFeaturePageTest" name="verifyclickOnCreateBtn" time="21.999"/>
  <system-out/>
  <testcase classname="com.aspire.qa.testcases.ManufacturingFeaturePageTest" name="createNewManufacturingOrders" time="16.369"/>
  <system-out/>
  <testcase classname="com.aspire.qa.testcases.ManufacturingFeaturePageTest" name="clickOnConfirmOFManuFactPage" time="21.148"/>
  <system-out/>
  <testcase classname="com.aspire.qa.testcases.ManufacturingFeaturePageTest" name="clickOnConfirmPopUP" time="18.978"/>
  <system-out/>
  <testcase classname="com.aspire.qa.testcases.ManufacturingFeaturePageTest" name="ImmidiateProductionPopUp" time="19.591"/>
  <system-out/>
</testsuite> <!-- com.aspire.qa.testcases.ManufacturingFeaturePageTest -->
