<?xml version="1.0" encoding="UTF-8"?>
<!-- Generated by org.testng.reporters.JUnitReportReporter -->
<testsuite hostname="DESKTOP-PUM4KLM" failures="0" tests="2" name="com.aspire.qa.testcases.HomePageTest" time="15.199" errors="0" timestamp="2022-04-24T00:38:13 IST" skipped="0">
  <testcase classname="com.aspire.qa.testcases.HomePageTest" name="verifyHomePageTitleTest" time="7.853"/>
  <system-out/>
  <testcase classname="com.aspire.qa.testcases.HomePageTest" name="allFeatureNames" time="7.346"/>
  <system-out/>
</testsuite> <!-- com.aspire.qa.testcases.HomePageTest -->
