<?xml version="1.0" encoding="UTF-8"?>
<!-- Generated by org.testng.reporters.JUnitReportReporter -->
<testsuite hostname="DESKTOP-PUM4KLM" failures="0" tests="2" name="com.aspire.qa.testcases.InventoryPageTest" time="43.289" errors="0" timestamp="2022-04-24T15:45:46 IST" skipped="0">
  <testcase classname="com.aspire.qa.testcases.InventoryPageTest" name="clickProductsSublink" time="7.134"/>
  <system-out/>
  <testcase classname="com.aspire.qa.testcases.InventoryPageTest" name="productCreatePage" time="36.155"/>
  <system-out/>
</testsuite> <!-- com.aspire.qa.testcases.InventoryPageTest -->
