<?xml version="1.0" encoding="UTF-8"?>
<!-- Generated by org.testng.reporters.JUnitReportReporter -->
<testsuite hostname="DESKTOP-PUM4KLM" failures="0" tests="7" name="com.aspire.qa.testcases.ProductsCreatePageTest" time="91.414" errors="0" timestamp="2022-04-24T19:47:34 IST" skipped="0">
  <testcase classname="com.aspire.qa.testcases.ProductsCreatePageTest" name="verifyproductsLablePage" time="10.695"/>
  <system-out/>
  <testcase classname="com.aspire.qa.testcases.ProductsCreatePageTest" name="verifyproductsClickPage" time="11.232"/>
  <system-out/>
  <testcase classname="com.aspire.qa.testcases.ProductsCreatePageTest" name="verifyproductsCreateNewPage" time="10.569"/>
  <system-out/>
  <testcase classname="com.aspire.qa.testcases.ProductsCreatePageTest" name="verifySearchField" time="12.071"/>
  <system-out/>
  <testcase classname="com.aspire.qa.testcases.ProductsCreatePageTest" name="verifyclickOnCreateBtn" time="11.929"/>
  <system-out/>
  <testcase classname="com.aspire.qa.testcases.ProductsCreatePageTest" name="verifyNewProductCreated" time="16.298"/>
  <system-out/>
  <testcase classname="com.aspire.qa.testcases.ProductsCreatePageTest" name="verifyProductCreatedIsSaved" time="18.620"/>
  <system-out/>
</testsuite> <!-- com.aspire.qa.testcases.ProductsCreatePageTest -->
