<?xml version="1.0" encoding="UTF-8"?>
<!-- Generated by org.testng.reporters.JUnitReportReporter -->
<testsuite hostname="DESKTOP-PUM4KLM" failures="0" tests="3" name="com.aspire.qa.testcases.LoginPageTest" time="11.332" errors="0" timestamp="2022-04-22T23:49:11 IST" skipped="0">
  <testcase classname="com.aspire.qa.testcases.LoginPageTest" name="loginPageTitleTest" time="4.119"/>
  <system-out/>
  <testcase classname="com.aspire.qa.testcases.LoginPageTest" name="aspireLogoImageTest" time="2.856"/>
  <system-out/>
  <testcase classname="com.aspire.qa.testcases.LoginPageTest" name="loginTest" time="4.357"/>
  <system-out/>
</testsuite> <!-- com.aspire.qa.testcases.LoginPageTest -->
