<?xml version="1.0" encoding="UTF-8"?>
<!-- Generated by org.testng.reporters.JUnitReportReporter -->
<testsuite hostname="DESKTOP-PUM4KLM" failures="0" tests="1" name="com.aspire.qa.testcases.ApplicationMenuPageTest" time="20.298" errors="0" timestamp="2022-04-25T01:38:22 IST" skipped="0">
  <testcase classname="com.aspire.qa.testcases.ApplicationMenuPageTest" name="appMenulink" time="20.298"/>
  <system-out/>
</testsuite> <!-- com.aspire.qa.testcases.ApplicationMenuPageTest -->
